\BOOKMARK [0][-]{chapter.1}{\376\377\173\054\116\000\172\340\000\040\000\040\176\277\140\047\116\343\145\160}{}% 1
\BOOKMARK [1][-]{section.1.1}{\376\377\0001\000.\0001\000\040\167\351\226\065\172\172\225\364}{chapter.1}% 2
\BOOKMARK [2][-]{subsection.1.1.1}{\376\377\0001\000.\0001\000.\0001\000\040\000S\000u\000b\000s\000p\000a\000c\000e\000\040\133\120\172\172\225\364}{section.1.1}% 3
\BOOKMARK [2][-]{subsection.1.1.2}{\376\377\0001\000.\0001\000.\0002\000\040\000C\000o\000l\000u\000m\000m\000s\000p\000a\000c\000e\000\040\122\027\172\172\225\364}{section.1.1}% 4
\BOOKMARK [2][-]{subsection.1.1.3}{\376\377\0001\000.\0001\000.\0003\000\040\000O\000v\000e\000r\000d\000e\000t\000e\000r\000m\000i\000n\000e\000d\000\040\000H\000o\000m\000o\000g\000e\000n\000e\000o\000u\000s\000\040\000L\000i\000n\000e\000a\000r\000\040\000S\000y\000s\000t\000e\000m}{section.1.1}% 5
\BOOKMARK [1][-]{section.1.2}{\376\377\0001\000.\0002\000\040\145\271\226\065\166\204\162\171\137\201\120\074\116\016\162\171\137\201\124\021\221\317}{chapter.1}% 6
\BOOKMARK [1][-]{section.1.3}{\376\377\0001\000.\0003\000\040\131\107\137\002\120\074\122\006\211\343}{chapter.1}% 7
\BOOKMARK [0][-]{chapter.2}{\376\377\173\054\116\214\172\340\000\040\000\040\117\341\123\367\131\004\164\006}{}% 8
\BOOKMARK [1][-]{section.2.1}{\376\377\0002\000.\0001\000\040\000M\000U\000S\000I\000C\173\227\154\325}{chapter.2}% 9
\BOOKMARK [1][-]{section.2.2}{\376\377\0002\000.\0002\000\040\176\337\213\241\117\341\123\367\131\004\164\006\166\204\117\060\213\241\164\006\213\272}{chapter.2}% 10
\BOOKMARK [2][-]{subsection.2.2.1}{\376\377\0002\000.\0002\000.\0001\000\040\123\302\145\160\117\060\213\241\166\204\145\160\133\146\152\041\127\213}{section.2.2}% 11
\BOOKMARK [2][-]{subsection.2.2.2}{\376\377\0002\000.\0002\000.\0002\000\040\117\060\213\241\221\317\166\204\140\047\200\375}{section.2.2}% 12
\BOOKMARK [2][-]{subsection.2.2.3}{\376\377\0002\000.\0002\000.\0003\000\040\117\060\213\241\221\317\166\204\147\000\134\017\127\107\145\271\213\357\135\356\121\306\122\031}{section.2.2}% 13
\BOOKMARK [2][-]{subsection.2.2.4}{\376\377\0002\000.\0002\000.\0004\000\040\000C\000r\000a\000m\000e\000r\000-\000R\000a\000o\000\040\116\013\226\120}{section.2.2}% 14
\BOOKMARK [0][-]{chapter.3}{\376\377\173\054\116\011\172\340\000\040\000\040\155\361\136\246\133\146\116\140}{}% 15
\BOOKMARK [1][-]{section.3.1}{\376\377\0003\000.\0001\000\040\145\160\143\156\131\004\164\006}{chapter.3}% 16
\BOOKMARK [1][-]{section.3.2}{\376\377\0003\000.\0002\000\040\152\041\127\213\213\276\213\241}{chapter.3}% 17
\BOOKMARK [2][-]{subsection.3.2.1}{\376\377\0003\000.\0002\000.\0001\000\040\131\032\134\102\141\037\167\345\147\072}{section.3.2}% 18
\BOOKMARK [2][-]{subsection.3.2.2}{\376\377\0003\000.\0002\000.\0002\000\040\123\167\171\357\171\136\176\317\177\121\176\334}{section.3.2}% 19
\BOOKMARK [1][-]{section.3.3}{\376\377\0003\000.\0003\000\040\213\255\176\303\221\115\177\156}{chapter.3}% 20
\BOOKMARK [2][-]{subsection.3.3.1}{\376\377\0003\000.\0003\000.\0001\000\040\123\315\124\021\117\040\144\255}{section.3.3}% 21
\BOOKMARK [2][-]{subsection.3.3.2}{\376\377\0003\000.\0003\000.\0002\000\040\162\171\137\201\150\007\121\306\123\026}{section.3.3}% 22
\BOOKMARK [1][-]{section.3.4}{\376\377\0003\000.\0004\000\040\152\041\127\213\117\335\133\130}{chapter.3}% 23
\BOOKMARK [1][-]{section.3.5}{\376\377\0003\000.\0005\000\040\152\041\127\213\230\204\155\113}{chapter.3}% 24
\BOOKMARK [0][-]{chapter.4}{\376\377\173\054\126\333\172\340\000\040\000\040\220\032\117\341\123\237\164\006}{}% 25
\BOOKMARK [1][-]{section.4.1}{\376\377\0004\000.\0001\000\040\145\160\133\127\230\221\136\046\117\040\217\223}{chapter.4}% 26
\BOOKMARK [2][-]{subsection.4.1.1}{\376\377\0004\000.\0001\000.\0001\000\040\116\214\217\333\122\066\220\032\145\255\225\056\143\247\000\050\000O\000n\000-\000O\000f\000f\000\040\000K\000e\000y\000i\000n\000g\000\051\000/\116\214\217\333\122\066\136\105\136\246\225\056\143\247\000\050\0002\000A\000S\000K\000\051}{section.4.1}% 27
\BOOKMARK [2][-]{subsection.4.1.2}{\376\377\0004\000.\0001\000.\0002\000\040\116\214\217\333\122\066\166\370\171\373\225\056\143\247\000\050\0002\000P\000S\000K\000\051}{section.4.1}% 28
\BOOKMARK [2][-]{subsection.4.1.3}{\376\377\0004\000.\0001\000.\0003\000\040\116\214\217\333\122\066\135\356\122\006\166\370\171\373\225\056\143\247\000\050\0002\000D\000P\000S\000K\000\051}{section.4.1}% 29
\BOOKMARK [1][-]{section.4.2}{\376\377\0004\000.\0002\000\040\171\373\122\250\220\032\213\257}{chapter.4}% 30
\BOOKMARK [2][-]{subsection.4.2.1}{\376\377\0004\000.\0002\000.\0001\000\040\0005\000G}{section.4.2}% 31
\BOOKMARK [2][-]{subsection.4.2.2}{\376\377\0004\000.\0002\000.\0002\000\040\0006\000G}{section.4.2}% 32
\BOOKMARK [0][-]{chapter.5}{\376\377\173\054\116\224\172\340\000\040\000\040\165\065\133\120\165\065\215\357}{}% 33
\BOOKMARK [1][-]{section.5.1}{\376\377\0005\000.\0001\000\040\165\065\156\220}{chapter.5}% 34
\BOOKMARK [2][-]{subsection.5.1.1}{\376\377\0005\000.\0001\000.\0001\000\040\124\014\153\145\000B\000u\000c\000k}{section.5.1}% 35
\BOOKMARK [2][-]{subsection.5.1.2}{\376\377\0005\000.\0001\000.\0002\000\040\000P\000F\000C}{section.5.1}% 36
